-------------------------------------------------------------------------------
Test set: com.zorillo.zorrillo.ZorrilloApplicationTests
-------------------------------------------------------------------------------
Tests run: 1, Failures: 0, Errors: 1, Skipped: 0, Time elapsed: 2.351 s <<< FAILURE! - in com.zorillo.zorrillo.ZorrilloApplicationTests
contextLoads  Time elapsed: 0.001 s  <<< ERROR!
java.lang.IllegalStateException: Failed to load ApplicationContext
Caused by: org.springframework.beans.factory.BeanCreationException: 
Error creating bean with name 'requestMappingHandlerMapping' defined in class path resource [org/springframework/boot/autoconfigure/web/servlet/WebMvcAutoConfiguration$EnableWebMvcConfiguration.class]: Invocation of init method failed; nested exception is java.lang.IllegalStateException: Ambiguous mapping. Cannot map 'userController' method 
com.zorillo.zorrillo.controller.UserController#storeNewUser(User)
to {POST [/api/fragance/new]}: There is already 'fraganceController' bean method
com.zorillo.zorrillo.controller.FraganceController#storeNewFragance(Fragance) mapped.
Caused by: java.lang.IllegalStateException: 
Ambiguous mapping. Cannot map 'userController' method 
com.zorillo.zorrillo.controller.UserController#storeNewUser(User)
to {POST [/api/fragance/new]}: There is already 'fraganceController' bean method
com.zorillo.zorrillo.controller.FraganceController#storeNewFragance(Fragance) mapped.

